<?xml version="1.0" encoding="UTF-8"?>
<!-- Generated by org.testng.reporters.JUnitReportReporter -->
<testsuite skipped="0" hostname="ASDW0135" name="com.pratise.googleParallel.tests.TestGoogleSheetsRead" tests="1" failures="0" timestamp="18 Sep 2018 04:58:52 GMT" time="1.917" errors="0">
  <testcase name="Test_01_testGetAndPrintAllData" time="1.917" classname="com.pratise.googleParallel.tests.TestGoogleSheetsRead"/>
</testsuite> <!-- com.pratise.googleParallel.tests.TestGoogleSheetsRead -->
